<?xml version="1.0" encoding="UTF-8" ?>
<testsuites>
<testsuite name="apartmentPage template" errors="0" tests="1" failures="0" time="0" timestamp="2014-07-29T00:33:25">
  <testcase classname="apartmentPage template" name="is defined" time="0"></testcase>
</testsuite>
</testsuites>