<?xml version="1.0" encoding="UTF-8" ?>
<testsuites>
<testsuite name="apartmentEdit template" errors="0" tests="1" failures="0" time="0.002" timestamp="2014-07-29T00:33:25">
  <testcase classname="apartmentEdit template" name="is defined" time="0.002"></testcase>
</testsuite>
</testsuites>